<?xml version="1.0" encoding="UTF-8"?>
<!-- Generated by org.testng.reporters.JUnitReportReporter -->
<testsuite hostname="HYL-777856" name="runner.Runner" tests="1" failures="0" timestamp="14 May 2020 16:43:29 GMT" time="61.998" errors="0">
  <testcase name="feature" time="61.998" classname="runner.Runner"/>
</testsuite> <!-- runner.Runner -->
